<?xml version="1.0" encoding="UTF-8"?>
<coverage generated="1409385321">
    <project timestamp="1409385321">
        <package name="Preview">
            <file name="%s/spec/fixtures/Bar.php">
                <class name="Bar" namespace="coverallskit">
                    <metrics methods="3" coveredmethods="2" conditionals="0" coveredconditionals="0" statements="4" coveredstatements="3" elements="7" coveredelements="5"/>
                </class>
                <line num="11" type="method" name="__construct" crap="1" count="1"/>
                <line num="13" type="stmt" count="1"/>
                <line num="14" type="stmt" count="1"/>
                <line num="16" type="method" name="getName" crap="1" count="1"/>
                <line num="18" type="stmt" count="1"/>
                <line num="21" type="method" name="getDescription" crap="2" count="0"/>
                <line num="23" type="stmt" count="0"/>
                <line num="27" type="stmt" count="1"/>
                <metrics loc="26" ncloc="26" classes="1" methods="3" coveredmethods="2" conditionals="0" coveredconditionals="0" statements="4" coveredstatements="3" elements="7" coveredelements="5"/>
            </file>
            <file name="%s/spec/fixtures/Foo.php">
                <class name="Foo" namespace="coverallskit">
                    <metrics methods="2" coveredmethods="2" conditionals="0" coveredconditionals="0" statements="3" coveredstatements="3" elements="5" coveredelements="5"/>
                </class>
                <line num="10" type="method" name="__construct" crap="1" count="1"/>
                <line num="12" type="stmt" count="1"/>
                <line num="13" type="stmt" count="1"/>
                <line num="15" type="method" name="getName" crap="1" count="1"/>
                <line num="17" type="stmt" count="1"/>
                <line num="21" type="stmt" count="1"/>
                <metrics loc="20" ncloc="20" classes="1" methods="2" coveredmethods="2" conditionals="0" coveredconditionals="0" statements="3" coveredstatements="3" elements="5" coveredelements="5"/>
            </file>
        </package>
        <metrics files="2" loc="46" ncloc="46" classes="2" methods="5" coveredmethods="4" conditionals="0" coveredconditionals="0" statements="7" coveredstatements="6" elements="12" coveredelements="10"/>
    </project>
</coverage>
